#
# There is insufficient memory for the Java Runtime Environment to continue.
# Native memory allocation (malloc) failed to allocate 1584480 bytes for Chunk::new
# Possible reasons:
#   The system is out of physical RAM or swap space
#   In 32 bit mode, the process size limit was hit
# Possible solutions:
#   Reduce memory load on the system
#   Increase physical memory or swap space
#   Check if swap backing store is full
#   Use 64 bit Java on a 64 bit OS
#   Decrease Java heap size (-Xmx/-Xms)
#   Decrease number of Java threads
#   Decrease Java thread stack sizes (-Xss)
#   Set larger code cache with -XX:ReservedCodeCacheSize=
# This output file may be truncated or incomplete.
#
#  Out of Memory Error (allocation.cpp:390), pid=2489536, tid=0x000000000025f874
#
# JRE version: Java(TM) SE Runtime Environment (8.0_144-b01) (build 1.8.0_144-b01)
# Java VM: Java HotSpot(TM) 64-Bit Server VM (25.144-b01 mixed mode windows-amd64 compressed oops)
# Failed to write core dump. Minidumps are not enabled by default on client versions of Windows
#

---------------  T H R E A D  ---------------

Current thread (0x0000000054d86800):  JavaThread "C2 CompilerThread0" daemon [_thread_in_native, id=2488436, stack(0x0000000056020000,0x0000000056120000)]

Stack: [0x0000000056020000,0x0000000056120000]
[error occurred during error reporting (printing stack bounds), id 0xc0000005]

Native frames: (J=compiled Java code, j=interpreted, Vv=VM code, C=native code)


Current CompileTask:
C2:   6953 3311   !   4       org.springframework.core.annotation.AnnotatedElementUtils::searchWithFindSemantics (774 bytes)


---------------  P R O C E S S  ---------------

Java Threads: ( => current thread )
  0x000000005789c800 JavaThread "container-0" [_thread_blocked, id=2488884, stack(0x000000005c1a0000,0x000000005c2a0000)]
  0x000000005789c000 JavaThread "Catalina-utility-2" [_thread_blocked, id=2496036, stack(0x0000000058cb0000,0x0000000058db0000)]
  0x000000005789b000 JavaThread "Catalina-utility-1" [_thread_blocked, id=2490252, stack(0x000000005c090000,0x000000005c190000)]
  0x0000000056f92000 JavaThread "restartedMain" [_thread_in_native, id=2491008, stack(0x0000000057320000,0x0000000057420000)]
  0x0000000056f8e800 JavaThread "Thread-0" [_thread_blocked, id=2500384, stack(0x0000000057120000,0x0000000057220000)]
  0x0000000054dde000 JavaThread "Service Thread" daemon [_thread_blocked, id=2487068, stack(0x0000000055c10000,0x0000000055d10000)]
  0x0000000056128800 JavaThread "C1 CompilerThread1" daemon [_thread_blocked, id=2490028, stack(0x0000000056570000,0x0000000056670000)]
=>0x0000000054d86800 JavaThread "C2 CompilerThread0" daemon [_thread_in_native, id=2488436, stack(0x0000000056020000,0x0000000056120000)]
  0x0000000054d85000 JavaThread "Attach Listener" daemon [_thread_blocked, id=2489892, stack(0x0000000055eb0000,0x0000000055fb0000)]
  0x0000000054d84000 JavaThread "Signal Dispatcher" daemon [_thread_blocked, id=2488488, stack(0x0000000055d40000,0x0000000055e40000)]
  0x0000000054d65000 JavaThread "Finalizer" daemon [_thread_blocked, id=2487072, stack(0x0000000055ad0000,0x0000000055bd0000)]
  0x0000000054d1a000 JavaThread "Reference Handler" daemon [_thread_blocked, id=2489632, stack(0x00000000558e0000,0x00000000559e0000)]
  0x00000000022cf000 JavaThread "main" [_thread_blocked, id=2488556, stack(0x00000000025c0000,0x00000000026c0000)]

Other Threads:
  0x0000000054d10000 VMThread [stack: 0x00000000557e0000,0x00000000558e0000] [id=2489628]
  0x0000000056148000 WatcherThread [stack: 0x00000000567d0000,0x00000000568d0000] [id=2487064]

VM state:not at safepoint (normal execution)

VM Mutex/Monitor currently owned by a thread: None

Heap:
 PSYoungGen      total 93696K, used 17595K [0x00000000eab00000, 0x00000000f1200000, 0x0000000100000000)
  eden space 85504K, 16% used [0x00000000eab00000,0x00000000eb8e9b28,0x00000000efe80000)
  from space 8192K, 40% used [0x00000000f0200000,0x00000000f05451f0,0x00000000f0a00000)
  to   space 6656K, 0% used [0x00000000f0b80000,0x00000000f0b80000,0x00000000f1200000)
 ParOldGen       total 38912K, used 11549K [0x00000000c0000000, 0x00000000c2600000, 0x00000000eab00000)
  object space 38912K, 29% used [0x00000000c0000000,0x00000000c0b47768,0x00000000c2600000)
 Metaspace       used 32425K, capacity 33886K, committed 34048K, reserved 1079296K
  class space    used 4202K, capacity 4488K, committed 4608K, reserved 1048576K

Card table byte_map: [0x0000000011d50000,0x0000000011f60000] byte_map_base: 0x0000000011750000

Marking Bits: (ParMarkBitMap*) 0x000000006cd5d850
 Begin Bits: [0x00000000121e0000, 0x00000000131e0000)
 End Bits:   [0x00000000131e0000, 0x00000000141e0000)

Polling page: 0x0000000000320000

CodeCache: size=245760Kb used=12084Kb max_used=12084Kb free=233675Kb
 bounds [0x0000000002990000, 0x0000000003570000, 0x0000000011990000]
 total_blobs=3719 nmethods=3310 adapters=322
 compilation: enabled

Compilation events (10 events):
Event: 6.520 Thread 0x0000000056128800 3332       3       jdk.internal.org.objectweb.asm.FieldWriter::put (472 bytes)
Event: 6.521 Thread 0x0000000056128800 nmethod 3332 0x000000000355e5d0 code [0x000000000355e980, 0x000000000355fd58]
Event: 6.522 Thread 0x0000000056128800 3333       3       java.net.URLStreamHandler::setURL (159 bytes)
Event: 6.523 Thread 0x0000000056128800 nmethod 3333 0x0000000003560690 code [0x0000000003560900, 0x0000000003561c48]
Event: 6.524 Thread 0x0000000056128800 3334       3       java.util.EventObject::<init> (24 bytes)
Event: 6.524 Thread 0x0000000056128800 nmethod 3334 0x00000000035624d0 code [0x0000000003562640, 0x0000000003562908]
Event: 6.524 Thread 0x0000000056128800 3335       3       java.util.Calendar::internalGet (7 bytes)
Event: 6.524 Thread 0x0000000056128800 nmethod 3335 0x0000000003562a10 code [0x0000000003562b60, 0x0000000003562cd0]
Event: 6.526 Thread 0x0000000056128800 3336       3       javax.management.ObjectName::getDomain (13 bytes)
Event: 6.526 Thread 0x0000000056128800 nmethod 3336 0x0000000003562dd0 code [0x0000000003562f40, 0x0000000003563168]

GC Heap History (10 events):
Event: 4.089 GC heap before
{Heap before GC invocations=9 (full 1):
 PSYoungGen      total 71680K, used 64512K [0x00000000eab00000, 0x00000000ef900000, 0x0000000100000000)
  eden space 64512K, 100% used [0x00000000eab00000,0x00000000eea00000,0x00000000eea00000)
  from space 7168K, 0% used [0x00000000eea00000,0x00000000eea00000,0x00000000ef100000)
  to   space 6144K, 0% used [0x00000000ef100000,0x00000000ef100000,0x00000000ef700000)
 ParOldGen       total 30720K, used 8401K [0x00000000c0000000, 0x00000000c1e00000, 0x00000000eab00000)
  object space 30720K, 27% used [0x00000000c0000000,0x00000000c0834798,0x00000000c1e00000)
 Metaspace       used 22518K, capacity 23198K, committed 23424K, reserved 1069056K
  class space    used 2908K, capacity 3089K, committed 3200K, reserved 1048576K
Event: 4.093 GC heap after
Heap after GC invocations=9 (full 1):
 PSYoungGen      total 69632K, used 3062K [0x00000000eab00000, 0x00000000f2900000, 0x0000000100000000)
  eden space 63488K, 0% used [0x00000000eab00000,0x00000000eab00000,0x00000000ee900000)
  from space 6144K, 49% used [0x00000000ef100000,0x00000000ef3fd980,0x00000000ef700000)
  to   space 8192K, 0% used [0x00000000ee900000,0x00000000ee900000,0x00000000ef100000)
 ParOldGen       total 30720K, used 8409K [0x00000000c0000000, 0x00000000c1e00000, 0x00000000eab00000)
  object space 30720K, 27% used [0x00000000c0000000,0x00000000c0836798,0x00000000c1e00000)
 Metaspace       used 22518K, capacity 23198K, committed 23424K, reserved 1069056K
  class space    used 2908K, capacity 3089K, committed 3200K, reserved 1048576K
}
Event: 4.386 GC heap before
{Heap before GC invocations=10 (full 1):
 PSYoungGen      total 69632K, used 25166K [0x00000000eab00000, 0x00000000f2900000, 0x0000000100000000)
  eden space 63488K, 34% used [0x00000000eab00000,0x00000000ec096028,0x00000000ee900000)
  from space 6144K, 49% used [0x00000000ef100000,0x00000000ef3fd980,0x00000000ef700000)
  to   space 8192K, 0% used [0x00000000ee900000,0x00000000ee900000,0x00000000ef100000)
 ParOldGen       total 30720K, used 8409K [0x00000000c0000000, 0x00000000c1e00000, 0x00000000eab00000)
  object space 30720K, 27% used [0x00000000c0000000,0x00000000c0836798,0x00000000c1e00000)
 Metaspace       used 24309K, capacity 25050K, committed 25216K, reserved 1075200K
  class space    used 3148K, capacity 3349K, committed 3456K, reserved 1048576K
Event: 4.391 GC heap after
Heap after GC invocations=10 (full 1):
 PSYoungGen      total 71680K, used 3973K [0x00000000eab00000, 0x00000000f1300000, 0x0000000100000000)
  eden space 63488K, 0% used [0x00000000eab00000,0x00000000eab00000,0x00000000ee900000)
  from space 8192K, 48% used [0x00000000ee900000,0x00000000eece1700,0x00000000ef100000)
  to   space 7680K, 0% used [0x00000000f0b80000,0x00000000f0b80000,0x00000000f1300000)
 ParOldGen       total 30720K, used 8481K [0x00000000c0000000, 0x00000000c1e00000, 0x00000000eab00000)
  object space 30720K, 27% used [0x00000000c0000000,0x00000000c08487a8,0x00000000c1e00000)
 Metaspace       used 24309K, capacity 25050K, committed 25216K, reserved 1075200K
  class space    used 3148K, capacity 3349K, committed 3456K, reserved 1048576K
}
Event: 4.391 GC heap before
{Heap before GC invocations=11 (full 2):
 PSYoungGen      total 71680K, used 3973K [0x00000000eab00000, 0x00000000f1300000, 0x0000000100000000)
  eden space 63488K, 0% used [0x00000000eab00000,0x00000000eab00000,0x00000000ee900000)
  from space 8192K, 48% used [0x00000000ee900000,0x00000000eece1700,0x00000000ef100000)
  to   space 7680K, 0% used [0x00000000f0b80000,0x00000000f0b80000,0x00000000f1300000)
 ParOldGen       total 30720K, used 8481K [0x00000000c0000000, 0x00000000c1e00000, 0x00000000eab00000)
  object space 30720K, 27% used [0x00000000c0000000,0x00000000c08487a8,0x00000000c1e00000)
 Metaspace       used 24309K, capacity 25050K, committed 25216K, reserved 1075200K
  class space    used 3148K, capacity 3349K, committed 3456K, reserved 1048576K
Event: 4.444 GC heap after
Heap after GC invocations=11 (full 2):
 PSYoungGen      total 71680K, used 0K [0x00000000eab00000, 0x00000000f1300000, 0x0000000100000000)
  eden space 63488K, 0% used [0x00000000eab00000,0x00000000eab00000,0x00000000ee900000)
  from space 8192K, 0% used [0x00000000ee900000,0x00000000ee900000,0x00000000ef100000)
  to   space 7680K, 0% used [0x00000000f0b80000,0x00000000f0b80000,0x00000000f1300000)
 ParOldGen       total 38912K, used 8377K [0x00000000c0000000, 0x00000000c2600000, 0x00000000eab00000)
  object space 38912K, 21% used [0x00000000c0000000,0x00000000c082e738,0x00000000c2600000)
 Metaspace       used 24309K, capacity 25050K, committed 25216K, reserved 1073152K
  class space    used 3148K, capacity 3349K, committed 3456K, reserved 1048576K
}
Event: 5.810 GC heap before
{Heap before GC invocations=12 (full 2):
 PSYoungGen      total 71680K, used 63488K [0x00000000eab00000, 0x00000000f1300000, 0x0000000100000000)
  eden space 63488K, 100% used [0x00000000eab00000,0x00000000ee900000,0x00000000ee900000)
  from space 8192K, 0% used [0x00000000ee900000,0x00000000ee900000,0x00000000ef100000)
  to   space 7680K, 0% used [0x00000000f0b80000,0x00000000f0b80000,0x00000000f1300000)
 ParOldGen       total 38912K, used 8377K [0x00000000c0000000, 0x00000000c2600000, 0x00000000eab00000)
  object space 38912K, 21% used [0x00000000c0000000,0x00000000c082e738,0x00000000c2600000)
 Metaspace       used 29122K, capacity 30542K, committed 30848K, reserved 1077248K
  class space    used 3820K, capacity 4097K, committed 4224K, reserved 1048576K
Event: 5.826 GC heap after
Heap after GC invocations=12 (full 2):
 PSYoungGen      total 92160K, used 6328K [0x00000000eab00000, 0x00000000f1200000, 0x0000000100000000)
  eden space 85504K, 0% used [0x00000000eab00000,0x00000000eab00000,0x00000000efe80000)
  from space 6656K, 95% used [0x00000000f0b80000,0x00000000f11ae158,0x00000000f1200000)
  to   space 8192K, 0% used [0x00000000f0200000,0x00000000f0200000,0x00000000f0a00000)
 ParOldGen       total 38912K, used 8377K [0x00000000c0000000, 0x00000000c2600000, 0x00000000eab00000)
  object space 38912K, 21% used [0x00000000c0000000,0x00000000c082e738,0x00000000c2600000)
 Metaspace       used 29122K, capacity 30542K, committed 30848K, reserved 1077248K
  class space    used 3820K, capacity 4097K, committed 4224K, reserved 1048576K
}
Event: 6.301 GC heap before
{Heap before GC invocations=13 (full 2):
 PSYoungGen      total 92160K, used 91832K [0x00000000eab00000, 0x00000000f1200000, 0x0000000100000000)
  eden space 85504K, 100% used [0x00000000eab00000,0x00000000efe80000,0x00000000efe80000)
  from space 6656K, 95% used [0x00000000f0b80000,0x00000000f11ae158,0x00000000f1200000)
  to   space 8192K, 0% used [0x00000000f0200000,0x00000000f0200000,0x00000000f0a00000)
 ParOldGen       total 38912K, used 8377K [0x00000000c0000000, 0x00000000c2600000, 0x00000000eab00000)
  object space 38912K, 21% used [0x00000000c0000000,0x00000000c082e738,0x00000000c2600000)
 Metaspace       used 31649K, capacity 33072K, committed 33408K, reserved 1079296K
  class space    used 4099K, capacity 4374K, committed 4480K, reserved 1048576K
Event: 6.312 GC heap after
Heap after GC invocations=13 (full 2):
 PSYoungGen      total 93696K, used 3348K [0x00000000eab00000, 0x00000000f1200000, 0x0000000100000000)
  eden space 85504K, 0% used [0x00000000eab00000,0x00000000eab00000,0x00000000efe80000)
  from space 8192K, 40% used [0x00000000f0200000,0x00000000f05451f0,0x00000000f0a00000)
  to   space 6656K, 0% used [0x00000000f0b80000,0x00000000f0b80000,0x00000000f1200000)
 ParOldGen       total 38912K, used 11549K [0x00000000c0000000, 0x00000000c2600000, 0x00000000eab00000)
  object space 38912K, 29% used [0x00000000c0000000,0x00000000c0b47768,0x00000000c2600000)
 Metaspace       used 31649K, capacity 33072K, committed 33408K, reserved 1079296K
  class space    used 4099K, capacity 4374K, committed 4480K, reserved 1048576K
}

Deoptimization events (10 events):
Event: 5.833 Thread 0x0000000056f92000 Uncommon trap: reason=class_check action=maybe_recompile pc=0x0000000003442894 method=org.springframework.core.annotation.AnnotationUtils.getDeclaredAnnotations(Ljava/lang/reflect/AnnotatedElement;)[Ljava/lang/annotation/Annotation; @ 33
Event: 5.873 Thread 0x0000000056f92000 Uncommon trap: reason=class_check action=maybe_recompile pc=0x0000000003271a44 method=java.util.AbstractList$Itr.hasNext()Z @ 8
Event: 5.873 Thread 0x0000000056f92000 Uncommon trap: reason=class_check action=maybe_recompile pc=0x0000000003444bb4 method=java.util.AbstractList$Itr.next()Ljava/lang/Object; @ 14
Event: 6.286 Thread 0x0000000056f92000 Uncommon trap: reason=class_check action=maybe_recompile pc=0x0000000002df6aa0 method=java.util.zip.InflaterInputStream.read([BII)I @ 100
Event: 6.288 Thread 0x0000000056f92000 Uncommon trap: reason=class_check action=maybe_recompile pc=0x0000000002df6aa0 method=java.util.zip.InflaterInputStream.read([BII)I @ 100
Event: 6.288 Thread 0x0000000056f92000 Uncommon trap: reason=class_check action=maybe_recompile pc=0x0000000002df6aa0 method=java.util.zip.InflaterInputStream.read([BII)I @ 100
Event: 6.288 Thread 0x0000000056f92000 Uncommon trap: reason=class_check action=maybe_recompile pc=0x0000000002df6aa0 method=java.util.zip.InflaterInputStream.read([BII)I @ 100
Event: 6.496 Thread 0x0000000056f92000 Uncommon trap: reason=bimorphic action=maybe_recompile pc=0x000000000314ee5c method=java.util.Hashtable.get(Ljava/lang/Object;)Ljava/lang/Object; @ 6
Event: 6.496 Thread 0x0000000056f92000 Uncommon trap: reason=bimorphic action=maybe_recompile pc=0x000000000314ee5c method=java.util.Hashtable.get(Ljava/lang/Object;)Ljava/lang/Object; @ 6
Event: 6.519 Thread 0x0000000056f92000 Uncommon trap: reason=unstable_if action=reinterpret pc=0x0000000003331404 method=org.springframework.util.ConcurrentReferenceHashMap$Segment.clear()V @ 4

Internal exceptions (10 events):
Event: 5.310 Thread 0x0000000056f92000 Exception <a 'java/lang/ClassNotFoundException': org/springframework/transaction/annotation/ProxyTransactionManagementConfiguration$$EnhancerBySpringCGLIB$$c57adc1cCustomizer> (0x00000000ed7f77b0) thrown at [C:\re\workspace\8-2-build-windows-amd64-cygwin\
Event: 5.310 Thread 0x0000000056f92000 Exception <a 'java/lang/ClassNotFoundException': org/springframework/context/annotation/ConfigurationClassEnhancer$EnhancedConfigurationCustomizer> (0x00000000ed81d098) thrown at [C:\re\workspace\8-2-build-windows-amd64-cygwin\jdk8u144\9417\hotspot\src\sh
Event: 5.310 Thread 0x0000000056f92000 Exception <a 'java/lang/ClassNotFoundException': org/springframework/beans/factory/BeanFactoryAwareCustomizer> (0x00000000ed8305b8) thrown at [C:\re\workspace\8-2-build-windows-amd64-cygwin\jdk8u144\9417\hotspot\src\share\vm\classfile\systemDictionary.cpp
Event: 5.311 Thread 0x0000000056f92000 Exception <a 'java/lang/ClassNotFoundException': org/springframework/beans/factory/AwareCustomizer> (0x00000000ed842898) thrown at [C:\re\workspace\8-2-build-windows-amd64-cygwin\jdk8u144\9417\hotspot\src\share\vm\classfile\systemDictionary.cpp, line 210]
Event: 5.311 Thread 0x0000000056f92000 Exception <a 'java/lang/ClassNotFoundException': org/springframework/context/annotation/ImportAwareCustomizer> (0x00000000ed855de8) thrown at [C:\re\workspace\8-2-build-windows-amd64-cygwin\jdk8u144\9417\hotspot\src\share\vm\classfile\systemDictionary.cpp
Event: 5.312 Thread 0x0000000056f92000 Exception <a 'java/lang/ClassNotFoundException': org/springframework/beans/factory/AwareCustomizer> (0x00000000ed867cb0) thrown at [C:\re\workspace\8-2-build-windows-amd64-cygwin\jdk8u144\9417\hotspot\src\share\vm\classfile\systemDictionary.cpp, line 210]
Event: 5.481 Thread 0x0000000056f92000 Implicit null exception at 0x0000000003322b34 to 0x0000000003322c85
Event: 6.381 Thread 0x0000000056f92000 Exception <a 'java/io/FileNotFoundException'> (0x00000000eb058c98) thrown at [C:\re\workspace\8-2-build-windows-amd64-cygwin\jdk8u144\9417\hotspot\src\share\vm\prims\jni.cpp, line 709]
Event: 6.473 Thread 0x0000000056f92000 Exception <a 'java/io/FileNotFoundException'> (0x00000000eb49d860) thrown at [C:\re\workspace\8-2-build-windows-amd64-cygwin\jdk8u144\9417\hotspot\src\share\vm\prims\jni.cpp, line 709]
Event: 6.516 Thread 0x0000000056f92000 Exception <a 'java/lang/reflect/InvocationTargetException'> (0x00000000eb619978) thrown at [C:\re\workspace\8-2-build-windows-amd64-cygwin\jdk8u144\9417\hotspot\src\share\vm\runtime\reflection.cpp, line 1092]

Events (10 events):
Event: 6.872 loading class java/sql/DriverManager
Event: 6.872 loading class java/sql/DriverManager done
Event: 6.872 loading class java/sql/DriverManager$1
Event: 6.872 loading class java/sql/DriverManager$1 done
Event: 6.872 loading class java/sql/DriverManager$2
Event: 6.872 loading class java/sql/DriverManager$2 done
Event: 6.872 loading class java/sql/Driver
Event: 6.872 loading class java/sql/Driver done
Event: 6.873 loading class com/mysql/cj/jdbc/Driver
Event: 6.873 loading class com/mysql/cj/jdbc/Driver done


Dynamic libraries:
0x000000013f530000 - 0x000000013f567000 	C:\Program Files\Java\jre1.8.0_144\bin\javaw.exe
0x00000000770d0000 - 0x0000000077279000 	C:\Windows\SYSTEM32\ntdll.dll
0x0000000076fb0000 - 0x00000000770cf000 	C:\Windows\system32\kernel32.dll
0x000007fefd0d0000 - 0x000007fefd13b000 	C:\Windows\system32\KERNELBASE.dll
0x000007fefd840000 - 0x000007fefd91b000 	C:\Windows\system32\ADVAPI32.dll
0x000007fefd5c0000 - 0x000007fefd65f000 	C:\Windows\system32\msvcrt.dll
0x000007fefe550000 - 0x000007fefe56f000 	C:\Windows\SYSTEM32\sechost.dll
0x000007fefe230000 - 0x000007fefe35d000 	C:\Windows\system32\RPCRT4.dll
0x0000000076eb0000 - 0x0000000076faa000 	C:\Windows\system32\USER32.dll
0x000007fefda10000 - 0x000007fefda77000 	C:\Windows\system32\GDI32.dll
0x000007fefe570000 - 0x000007fefe57e000 	C:\Windows\system32\LPK.dll
0x000007fefdc90000 - 0x000007fefdd59000 	C:\Windows\system32\USP10.dll
0x000007fefbc90000 - 0x000007fefbe84000 	C:\Windows\WinSxS\amd64_microsoft.windows.common-controls_6595b64144ccf1df_6.0.7601.17514_none_fa396087175ac9ac\COMCTL32.dll
0x000007fefdfc0000 - 0x000007fefe031000 	C:\Windows\system32\SHLWAPI.dll
0x000007fefe620000 - 0x000007fefe64e000 	C:\Windows\system32\IMM32.DLL
0x000007fefe360000 - 0x000007fefe469000 	C:\Windows\system32\MSCTF.dll
0x00000000744a0000 - 0x0000000074572000 	C:\Program Files\Java\jre1.8.0_144\bin\msvcr100.dll
0x000000006c540000 - 0x000000006cddd000 	C:\Program Files\Java\jre1.8.0_144\bin\server\jvm.dll
0x000007fef0af0000 - 0x000007fef0af9000 	C:\Windows\system32\WSOCK32.dll
0x000007fefd570000 - 0x000007fefd5bd000 	C:\Windows\system32\WS2_32.dll
0x000007fefd920000 - 0x000007fefd928000 	C:\Windows\system32\NSI.dll
0x000007fefb220000 - 0x000007fefb25b000 	C:\Windows\system32\WINMM.dll
0x000007fefc180000 - 0x000007fefc18c000 	C:\Windows\system32\VERSION.dll
0x00000000772a0000 - 0x00000000772a7000 	C:\Windows\system32\PSAPI.DLL
0x0000000073970000 - 0x000000007397f000 	C:\Program Files\Java\jre1.8.0_144\bin\verify.dll
0x0000000072d30000 - 0x0000000072d59000 	C:\Program Files\Java\jre1.8.0_144\bin\java.dll
0x0000000072d10000 - 0x0000000072d26000 	C:\Program Files\Java\jre1.8.0_144\bin\zip.dll
0x000007fefe650000 - 0x000007feff3d8000 	C:\Windows\system32\SHELL32.dll
0x000007fefda80000 - 0x000007fefdc83000 	C:\Windows\system32\ole32.dll
0x000007fefd020000 - 0x000007fefd02f000 	C:\Windows\system32\profapi.dll
0x0000000072cc0000 - 0x0000000072ccd000 	C:\Program Files\Java\jre1.8.0_144\bin\management.dll
0x0000000072cf0000 - 0x0000000072d0a000 	C:\Program Files\Java\jre1.8.0_144\bin\net.dll
0x000007fefc830000 - 0x000007fefc885000 	C:\Windows\system32\mswsock.dll
0x000007fefc820000 - 0x000007fefc827000 	C:\Windows\System32\wship6.dll
0x000007fefaff0000 - 0x000007fefb005000 	C:\Windows\system32\NLAapi.dll
0x000007fef6160000 - 0x000007fef6175000 	C:\Windows\system32\napinsp.dll
0x000007fef6140000 - 0x000007fef6159000 	C:\Windows\system32\pnrpnsp.dll
0x000007fefc6b0000 - 0x000007fefc70b000 	C:\Windows\system32\DNSAPI.dll
0x000007fef6130000 - 0x000007fef613b000 	C:\Windows\System32\winrnr.dll
0x000007fefc250000 - 0x000007fefc257000 	C:\Windows\System32\wshtcpip.dll
0x000007fefad40000 - 0x000007fefad67000 	C:\Windows\system32\IPHLPAPI.DLL
0x000007fefad30000 - 0x000007fefad3b000 	C:\Windows\system32\WINNSI.DLL
0x000007fef5bf0000 - 0x000007fef5bf8000 	C:\Windows\system32\rasadhlp.dll
0x000007fefa930000 - 0x000007fefa983000 	C:\Windows\System32\fwpuclnt.dll
0x0000000072a60000 - 0x0000000072a71000 	C:\Program Files\Java\jre1.8.0_144\bin\nio.dll
0x000007fefc890000 - 0x000007fefc8a7000 	C:\Windows\system32\CRYPTSP.dll
0x000007fefc590000 - 0x000007fefc5d7000 	C:\Windows\system32\rsaenh.dll
0x000007fefc370000 - 0x000007fefc38e000 	C:\Windows\system32\USERENV.dll
0x000007fefcf10000 - 0x000007fefcf1f000 	C:\Windows\system32\CRYPTBASE.dll
0x000007fefa7b0000 - 0x000007fefa7c1000 	C:\Windows\system32\dhcpcsvc6.DLL
0x000007fefa790000 - 0x000007fefa7a8000 	C:\Windows\system32\dhcpcsvc.DLL

VM Arguments:
jvm_args: -Dfile.encoding=UTF-8 
java_command: com.fsd.taskmanager.TaskmanagerApplication
java_class_path (initial): C:\project\backend\taskmanager\target\classes;C:\Users\Admin\.m2\repository\org\springframework\boot\spring-boot-starter-data-jpa\2.1.5.RELEASE\spring-boot-starter-data-jpa-2.1.5.RELEASE.jar;C:\Users\Admin\.m2\repository\org\springframework\boot\spring-boot-starter-aop\2.1.5.RELEASE\spring-boot-starter-aop-2.1.5.RELEASE.jar;C:\Users\Admin\.m2\repository\org\springframework\spring-aop\5.1.7.RELEASE\spring-aop-5.1.7.RELEASE.jar;C:\Users\Admin\.m2\repository\org\aspectj\aspectjweaver\1.9.4\aspectjweaver-1.9.4.jar;C:\Users\Admin\.m2\repository\org\springframework\boot\spring-boot-starter-jdbc\2.1.5.RELEASE\spring-boot-starter-jdbc-2.1.5.RELEASE.jar;C:\Users\Admin\.m2\repository\com\zaxxer\HikariCP\3.2.0\HikariCP-3.2.0.jar;C:\Users\Admin\.m2\repository\org\springframework\spring-jdbc\5.1.7.RELEASE\spring-jdbc-5.1.7.RELEASE.jar;C:\Users\Admin\.m2\repository\javax\transaction\javax.transaction-api\1.3\javax.transaction-api-1.3.jar;C:\Users\Admin\.m2\repository\javax\xml\bind\jaxb-api\2.3.1\jaxb-api-2.3.1.jar;C:\Users\Admin\.m2\repository\javax\activation\javax.activation-api\1.2.0\javax.activation-api-1.2.0.jar;C:\Users\Admin\.m2\repository\org\hibernate\hibernate-core\5.3.10.Final\hibernate-core-5.3.10.Final.jar;C:\Users\Admin\.m2\repository\org\jboss\logging\jboss-logging\3.3.2.Final\jboss-logging-3.3.2.Final.jar;C:\Users\Admin\.m2\repository\javax\persistence\javax.persistence-api\2.2\javax.persistence-api-2.2.jar;C:\Users\Admin\.m2\repository\org\javassist\javassist\3.23.2-GA\javassist-3.23.2-GA.jar;C:\Users\Admin\.m2\repository\net\bytebuddy\byte-buddy\1.9.12\byte-buddy-1.9.12.jar;C:\Users\Admin\.m2\repository\antlr\antlr\2.7.7\antlr-2.7.7.jar;C:\Users\Admin\.m2\repository\org\jboss\jandex\2.0.5.Final\jandex-2.0.5.Final.jar;C:\Users\Admin\.m2\repository\com\fasterxml\classmate\1.4.0\classmate-1.4.0.jar;C:\Users\Admin\.m2\repository\org\dom4j\dom4j\2.1.1\dom4j-2.1.1.jar;C:\Users\Admin\.m2\repository\org\hibernate\common\hibernate-commons-an
Launcher Type: SUN_STANDARD

Environment Variables:
PATH=C:/Program Files/Java/jre1.8.0_144/bin/server;C:/Program Files/Java/jre1.8.0_144/bin;C:/Program Files/Java/jre1.8.0_144/lib/amd64;C:\ProgramData\Oracle\Java\javapath;C:\Windows\system32;C:\Windows;C:\Windows\System32\Wbem;C:\Windows\System32\WindowsPowerShell\v1.0\;C:\Program Files\Git\cmd;C:\Program Files (x86)\MySQL\MySQL Fabric 1.5 & MySQL Utilities 1.5\;C:\Program Files (x86)\MySQL\MySQL Fabric 1.5 & MySQL Utilities 1.5\Doctrine extensions for PHP\;C:\Program Files\nodejs\;C:\Program Files\Microsoft VS Code\bin;C:\Users\Admin\AppData\Roaming\npm;C:\java cognizant\eclipse-java-oxygen-R-win32-x86_64\eclipse;
USERNAME=Admin
OS=Windows_NT
PROCESSOR_IDENTIFIER=Intel64 Family 6 Model 85 Stepping 4, GenuineIntel



---------------  S Y S T E M  ---------------

OS: Windows 7 , 64 bit Build 7601 (6.1.7601.17514)

CPU:total 2 (initial active 2) (2 cores per cpu, 1 threads per core) family 6 model 85 stepping 4, cmov, cx8, fxsr, mmx, sse, sse2, sse3, ssse3, sse4.1, sse4.2, popcnt, avx, avx2, aes, clmul, erms, rtm, 3dnowpref, lzcnt, tsc, bmi1, bmi2

Memory: 4k page, physical 4193848k(158040k free), swap 16773548k(5740k free)

vm_info: Java HotSpot(TM) 64-Bit Server VM (25.144-b01) for windows-amd64 JRE (1.8.0_144-b01), built on Jul 21 2017 21:57:33 by "java_re" with MS VC++ 10.0 (VS2010)

time: Tue Jun 18 18:05:42 2019
elapsed time: 6 seconds (0d 0h 0m 6s)

